<?xml version="1.0" encoding="UTF-8"?>
<robot generator="Robot 3.2.2 (Python 3.8.5 on win32)" generated="20210309 11:18:05.879" rpa="false">
<suite id="s1" name="CadastroUsuario" source="C:\Users\Leonardo Medeiros\Documents\GitHub\DesafioAutoME_RobotFramework\tests\CadastroUsuario.robot">
<test id="s1-t1" name="Cenário: Acessar o site, acessar funcionalidade para se cadastrar, inserir todos os dados obrigatórios e cadastrar o usuário">
<kw name="Abrir navegador" library="CadastroUsuarioResource" type="setup">
<kw name="Open Browser" library="SeleniumLibrary">
<doc>Opens a new browser instance to the optional ``url``.</doc>
<arguments>
<arg>${URL}</arg>
<arg>${BROWSER}</arg>
</arguments>
<msg timestamp="20210309 11:18:06.160" level="INFO">Opening browser 'chrome' to base url 'http://automationpractice.com'.</msg>
<status status="PASS" starttime="20210309 11:18:06.159" endtime="20210309 11:18:15.050"></status>
</kw>
<kw name="Maximize Browser Window" library="SeleniumLibrary">
<doc>Maximizes current browser window.</doc>
<status status="PASS" starttime="20210309 11:18:15.050" endtime="20210309 11:18:17.231"></status>
</kw>
<status status="PASS" starttime="20210309 11:18:06.159" endtime="20210309 11:18:17.231"></status>
</kw>
<kw name="Dado que acesse o site Automation Practice" library="CadastroUsuarioResource">
<kw name="Title Should Be" library="SeleniumLibrary">
<doc>Verifies that the current page title equals ``title``.</doc>
<arguments>
<arg>My Store</arg>
</arguments>
<msg timestamp="20210309 11:18:17.238" level="INFO">Page title is 'My Store'.</msg>
<status status="PASS" starttime="20210309 11:18:17.233" endtime="20210309 11:18:17.238"></status>
</kw>
<status status="PASS" starttime="20210309 11:18:17.232" endtime="20210309 11:18:17.238"></status>
</kw>
<kw name="E clique para se cadastrar" library="CadastroUsuarioResource">
<kw name="Click Element" library="SeleniumLibrary">
<doc>Click the element identified by ``locator``.</doc>
<arguments>
<arg>xpath=//div//a[@class='login']</arg>
</arguments>
<msg timestamp="20210309 11:18:17.240" level="INFO">Clicking element 'xpath=//div//a[@class='login']'.</msg>
<status status="PASS" starttime="20210309 11:18:17.239" endtime="20210309 11:18:19.672"></status>
</kw>
<status status="PASS" starttime="20210309 11:18:17.238" endtime="20210309 11:18:19.672"></status>
</kw>
<kw name="E digite o endereço de e-mail para iniciar o cadastro" library="CadastroUsuarioResource">
<kw name="Generate Random String" library="String">
<doc>Generates a string with a desired ``length`` from the given ``chars``.</doc>
<assign>
<var>${EMAIL_ALEATORIO}</var>
</assign>
<msg timestamp="20210309 11:18:19.673" level="INFO">${EMAIL_ALEATORIO} = OGIbBOpv</msg>
<status status="PASS" starttime="20210309 11:18:19.673" endtime="20210309 11:18:19.673"></status>
</kw>
<kw name="Input Text" library="SeleniumLibrary">
<doc>Types the given ``text`` into the text field identified by ``locator``.</doc>
<arguments>
<arg>id=email_create</arg>
<arg>${EMAIL_ALEATORIO}@gmail.com</arg>
</arguments>
<msg timestamp="20210309 11:18:19.674" level="INFO">Typing text 'OGIbBOpv@gmail.com' into text field 'id=email_create'.</msg>
<status status="PASS" starttime="20210309 11:18:19.673" endtime="20210309 11:18:19.778"></status>
</kw>
<status status="PASS" starttime="20210309 11:18:19.673" endtime="20210309 11:18:19.778"></status>
</kw>
<kw name="E clique em Create an account" library="CadastroUsuarioResource">
<kw name="Click Button" library="SeleniumLibrary">
<doc>Clicks the button identified by ``locator``.</doc>
<arguments>
<arg>id=SubmitCreate</arg>
</arguments>
<msg timestamp="20210309 11:18:19.779" level="INFO">Clicking button 'id=SubmitCreate'.</msg>
<status status="PASS" starttime="20210309 11:18:19.779" endtime="20210309 11:18:19.853"></status>
</kw>
<status status="PASS" starttime="20210309 11:18:19.779" endtime="20210309 11:18:19.854"></status>
</kw>
<kw name="E preencha os dados do formulário de cadastro" library="CadastroUsuarioResource">
<kw name="Wait Until Element Is Visible" library="SeleniumLibrary">
<doc>Waits until the element ``locator`` is visible.</doc>
<arguments>
<arg>id=id_gender1</arg>
</arguments>
<status status="PASS" starttime="20210309 11:18:19.854" endtime="20210309 11:18:21.410"></status>
</kw>
<kw name="Click Element" library="SeleniumLibrary">
<doc>Click the element identified by ``locator``.</doc>
<arguments>
<arg>id=id_gender1</arg>
</arguments>
<msg timestamp="20210309 11:18:21.410" level="INFO">Clicking element 'id=id_gender1'.</msg>
<status status="PASS" starttime="20210309 11:18:21.410" endtime="20210309 11:18:21.453"></status>
</kw>
<kw name="Input Text" library="SeleniumLibrary">
<doc>Types the given ``text`` into the text field identified by ``locator``.</doc>
<arguments>
<arg>id=customer_firstname</arg>
<arg>${PESSOA.firstName}</arg>
</arguments>
<msg timestamp="20210309 11:18:21.454" level="INFO">Typing text 'Leonardo' into text field 'id=customer_firstname'.</msg>
<status status="PASS" starttime="20210309 11:18:21.453" endtime="20210309 11:18:21.550"></status>
</kw>
<kw name="Input Text" library="SeleniumLibrary">
<doc>Types the given ``text`` into the text field identified by ``locator``.</doc>
<arguments>
<arg>id=customer_lastname</arg>
<arg>${PESSOA.lastName}</arg>
</arguments>
<msg timestamp="20210309 11:18:21.551" level="INFO">Typing text 'Medeiros' into text field 'id=customer_lastname'.</msg>
<status status="PASS" starttime="20210309 11:18:21.550" endtime="20210309 11:18:21.633"></status>
</kw>
<kw name="Input Text" library="SeleniumLibrary">
<doc>Types the given ``text`` into the text field identified by ``locator``.</doc>
<arguments>
<arg>id=passwd</arg>
<arg>${PESSOA.password}</arg>
</arguments>
<msg timestamp="20210309 11:18:21.633" level="INFO">Typing text '123456teste' into text field 'id=passwd'.</msg>
<status status="PASS" starttime="20210309 11:18:21.633" endtime="20210309 11:18:21.731"></status>
</kw>
<kw name="Select From List By Value" library="SeleniumLibrary">
<doc>Selects options from selection list ``locator`` by ``values``.</doc>
<arguments>
<arg>id=days</arg>
<arg>5</arg>
</arguments>
<msg timestamp="20210309 11:18:21.731" level="INFO">Selecting options from selection list 'id=days' by value 5.</msg>
<status status="PASS" starttime="20210309 11:18:21.731" endtime="20210309 11:18:21.803"></status>
</kw>
<kw name="Select From List By Index" library="SeleniumLibrary">
<doc>Selects options from selection list ``locator`` by ``indexes``.</doc>
<arguments>
<arg>id=months</arg>
<arg>10</arg>
</arguments>
<msg timestamp="20210309 11:18:21.803" level="INFO">Selecting options from selection list 'id=months' by index 10.</msg>
<status status="PASS" starttime="20210309 11:18:21.803" endtime="20210309 11:18:21.961"></status>
</kw>
<kw name="Select From List By Index" library="SeleniumLibrary">
<doc>Selects options from selection list ``locator`` by ``indexes``.</doc>
<arguments>
<arg>id=years</arg>
<arg>22</arg>
</arguments>
<msg timestamp="20210309 11:18:21.961" level="INFO">Selecting options from selection list 'id=years' by index 22.</msg>
<status status="PASS" starttime="20210309 11:18:21.961" endtime="20210309 11:18:22.142"></status>
</kw>
<kw name="Scroll Element Into View" library="SeleniumLibrary">
<doc>Scrolls the element identified by ``locator`` into view.</doc>
<arguments>
<arg>id=id_state</arg>
</arguments>
<status status="PASS" starttime="20210309 11:18:22.142" endtime="20210309 11:18:22.430"></status>
</kw>
<kw name="Input Text" library="SeleniumLibrary">
<doc>Types the given ``text`` into the text field identified by ``locator``.</doc>
<arguments>
<arg>id=company</arg>
<arg>${PESSOA.company}</arg>
</arguments>
<msg timestamp="20210309 11:18:22.430" level="INFO">Typing text 'Mercado Eletronico' into text field 'id=company'.</msg>
<status status="PASS" starttime="20210309 11:18:22.430" endtime="20210309 11:18:22.530"></status>
</kw>
<kw name="Input Text" library="SeleniumLibrary">
<doc>Types the given ``text`` into the text field identified by ``locator``.</doc>
<arguments>
<arg>id=address1</arg>
<arg>${PESSOA.address}</arg>
</arguments>
<msg timestamp="20210309 11:18:22.531" level="INFO">Typing text 'teste endereço 123' into text field 'id=address1'.</msg>
<status status="PASS" starttime="20210309 11:18:22.530" endtime="20210309 11:18:22.626"></status>
</kw>
<kw name="Input Text" library="SeleniumLibrary">
<doc>Types the given ``text`` into the text field identified by ``locator``.</doc>
<arguments>
<arg>id=address2</arg>
<arg>${PESSOA.address}</arg>
</arguments>
<msg timestamp="20210309 11:18:22.626" level="INFO">Typing text 'teste endereço 123' into text field 'id=address2'.</msg>
<status status="PASS" starttime="20210309 11:18:22.626" endtime="20210309 11:18:22.716"></status>
</kw>
<kw name="Input Text" library="SeleniumLibrary">
<doc>Types the given ``text`` into the text field identified by ``locator``.</doc>
<arguments>
<arg>id=city</arg>
<arg>${PESSOA.city}</arg>
</arguments>
<msg timestamp="20210309 11:18:22.717" level="INFO">Typing text 'São Paulo' into text field 'id=city'.</msg>
<status status="PASS" starttime="20210309 11:18:22.716" endtime="20210309 11:18:22.803"></status>
</kw>
<kw name="Select From List By Index" library="SeleniumLibrary">
<doc>Selects options from selection list ``locator`` by ``indexes``.</doc>
<arguments>
<arg>id=id_state</arg>
<arg>10</arg>
</arguments>
<msg timestamp="20210309 11:18:22.803" level="INFO">Selecting options from selection list 'id=id_state' by index 10.</msg>
<status status="PASS" starttime="20210309 11:18:22.803" endtime="20210309 11:18:22.922"></status>
</kw>
<kw name="Input Text" library="SeleniumLibrary">
<doc>Types the given ``text`` into the text field identified by ``locator``.</doc>
<arguments>
<arg>id=postcode</arg>
<arg>${PESSOA.zipPostal}</arg>
</arguments>
<msg timestamp="20210309 11:18:22.922" level="INFO">Typing text '12345' into text field 'id=postcode'.</msg>
<status status="PASS" starttime="20210309 11:18:22.922" endtime="20210309 11:18:23.012"></status>
</kw>
<kw name="Input Text" library="SeleniumLibrary">
<doc>Types the given ``text`` into the text field identified by ``locator``.</doc>
<arguments>
<arg>id=other</arg>
<arg>${PESSOA.addInfo}</arg>
</arguments>
<msg timestamp="20210309 11:18:23.012" level="INFO">Typing text 'teste mercado eletronico' into text field 'id=other'.</msg>
<status status="PASS" starttime="20210309 11:18:23.012" endtime="20210309 11:18:23.108"></status>
</kw>
<kw name="Input Text" library="SeleniumLibrary">
<doc>Types the given ``text`` into the text field identified by ``locator``.</doc>
<arguments>
<arg>id=phone</arg>
<arg>${TELEFONE[0]}</arg>
</arguments>
<msg timestamp="20210309 11:18:23.108" level="INFO">Typing text '33517788' into text field 'id=phone'.</msg>
<status status="PASS" starttime="20210309 11:18:23.108" endtime="20210309 11:18:23.195"></status>
</kw>
<kw name="Input Text" library="SeleniumLibrary">
<doc>Types the given ``text`` into the text field identified by ``locator``.</doc>
<arguments>
<arg>id=phone_mobile</arg>
<arg>${TELEFONE[1]}</arg>
</arguments>
<msg timestamp="20210309 11:18:23.195" level="INFO">Typing text '99914725' into text field 'id=phone_mobile'.</msg>
<status status="PASS" starttime="20210309 11:18:23.195" endtime="20210309 11:18:23.279"></status>
</kw>
<status status="PASS" starttime="20210309 11:18:19.854" endtime="20210309 11:18:23.279"></status>
</kw>
<kw name="Quando clicar em Register" library="CadastroUsuarioResource">
<kw name="Click Element" library="SeleniumLibrary">
<doc>Click the element identified by ``locator``.</doc>
<arguments>
<arg>id=submitAccount</arg>
</arguments>
<msg timestamp="20210309 11:18:23.280" level="INFO">Clicking element 'id=submitAccount'.</msg>
<status status="PASS" starttime="20210309 11:18:23.280" endtime="20210309 11:18:24.772"></status>
</kw>
<status status="PASS" starttime="20210309 11:18:23.279" endtime="20210309 11:18:24.772"></status>
</kw>
<kw name="Então o usuário será criado" library="CadastroUsuarioResource">
<kw name="Element Text Should Be" library="SeleniumLibrary">
<doc>Verifies that element ``locator`` contains exact the text ``expected``.</doc>
<arguments>
<arg>xpath=//div[@class='header_user_info']//a//span</arg>
<arg>Leonardo Medeiros</arg>
</arguments>
<msg timestamp="20210309 11:18:24.774" level="INFO">Verifying element 'xpath=//div[@class='header_user_info']//a//span' contains exact text 'Leonardo Medeiros'.</msg>
<status status="PASS" starttime="20210309 11:18:24.774" endtime="20210309 11:18:24.808"></status>
</kw>
<status status="PASS" starttime="20210309 11:18:24.773" endtime="20210309 11:18:24.808"></status>
</kw>
<kw name="Fechar navegador" library="CadastroUsuarioResource" type="teardown">
<kw name="Close Browser" library="SeleniumLibrary">
<doc>Closes the current browser.</doc>
<status status="PASS" starttime="20210309 11:18:24.810" endtime="20210309 11:18:27.131"></status>
</kw>
<status status="PASS" starttime="20210309 11:18:24.809" endtime="20210309 11:18:27.131"></status>
</kw>
<status status="PASS" starttime="20210309 11:18:06.158" endtime="20210309 11:18:27.132" critical="yes"></status>
</test>
<status status="PASS" starttime="20210309 11:18:05.881" endtime="20210309 11:18:27.137"></status>
</suite>
<statistics>
<total>
<stat pass="1" fail="0">Critical Tests</stat>
<stat pass="1" fail="0">All Tests</stat>
</total>
<tag>
</tag>
<suite>
<stat pass="1" fail="0" id="s1" name="CadastroUsuario">CadastroUsuario</stat>
</suite>
</statistics>
<errors>
</errors>
</robot>
