<?xml version="1.0" encoding="UTF-8"?>
<robot generator="Robot 3.2.2 (Python 3.8.5 on win32)" generated="20210301 19:29:51.841" rpa="false">
<suite id="s1" name="CadastroUsuario" source="C:\Users\Leonardo Medeiros\Documents\GitHub\DesafioAutoME_RobotFramework\tests\CadastroUsuario.robot">
<test id="s1-t1" name="Cenário: Acessar o site, acessar funcionalidade para se cadastrar, inserir todos os dados obrigatórios e cadastrar o usuário">
<kw name="Abrir navegador" library="CadastroUsuarioResource" type="setup">
<kw name="Open Browser" library="SeleniumLibrary">
<doc>Opens a new browser instance to the optional ``url``.</doc>
<arguments>
<arg>${URL}</arg>
<arg>${BROWSER}</arg>
</arguments>
<msg timestamp="20210301 19:29:52.270" level="INFO">Opening browser 'chrome' to base url 'http://automationpractice.com'.</msg>
<status status="PASS" starttime="20210301 19:29:52.270" endtime="20210301 19:30:00.594"></status>
</kw>
<kw name="Maximize Browser Window" library="SeleniumLibrary">
<doc>Maximizes current browser window.</doc>
<status status="PASS" starttime="20210301 19:30:00.594" endtime="20210301 19:30:02.757"></status>
</kw>
<status status="PASS" starttime="20210301 19:29:52.269" endtime="20210301 19:30:02.757"></status>
</kw>
<kw name="Dado que acesse o site Automation Practice" library="CadastroUsuarioResource">
<kw name="Title Should Be" library="SeleniumLibrary">
<doc>Verifies that the current page title equals ``title``.</doc>
<arguments>
<arg>My Store</arg>
</arguments>
<msg timestamp="20210301 19:30:02.773" level="INFO">Page title is 'My Store'.</msg>
<status status="PASS" starttime="20210301 19:30:02.761" endtime="20210301 19:30:02.774"></status>
</kw>
<status status="PASS" starttime="20210301 19:30:02.760" endtime="20210301 19:30:02.775"></status>
</kw>
<kw name="E clique para se cadastrar" library="CadastroUsuarioResource">
<kw name="Click Element" library="SeleniumLibrary">
<doc>Click the element identified by ``locator``.</doc>
<arguments>
<arg>xpath=//div//a[@class='login']</arg>
</arguments>
<msg timestamp="20210301 19:30:02.777" level="INFO">Clicking element 'xpath=//div//a[@class='login']'.</msg>
<status status="PASS" starttime="20210301 19:30:02.776" endtime="20210301 19:30:04.968"></status>
</kw>
<status status="PASS" starttime="20210301 19:30:02.775" endtime="20210301 19:30:04.968"></status>
</kw>
<kw name="E digite o endereço de e-mail para iniciar o cadastro" library="CadastroUsuarioResource">
<kw name="Generate Random String" library="String">
<doc>Generates a string with a desired ``length`` from the given ``chars``.</doc>
<assign>
<var>${EMAIL_ALEATORIO}</var>
</assign>
<msg timestamp="20210301 19:30:04.970" level="INFO">${EMAIL_ALEATORIO} = 8XVkDbT4</msg>
<status status="PASS" starttime="20210301 19:30:04.969" endtime="20210301 19:30:04.970"></status>
</kw>
<kw name="Input Text" library="SeleniumLibrary">
<doc>Types the given ``text`` into the text field identified by ``locator``.</doc>
<arguments>
<arg>id=email_create</arg>
<arg>${EMAIL_ALEATORIO}@gmail.com</arg>
</arguments>
<msg timestamp="20210301 19:30:04.970" level="INFO">Typing text '8XVkDbT4@gmail.com' into text field 'id=email_create'.</msg>
<status status="PASS" starttime="20210301 19:30:04.970" endtime="20210301 19:30:05.080"></status>
</kw>
<status status="PASS" starttime="20210301 19:30:04.969" endtime="20210301 19:30:05.080"></status>
</kw>
<kw name="E clique em Create an account" library="CadastroUsuarioResource">
<kw name="Click Button" library="SeleniumLibrary">
<doc>Clicks the button identified by ``locator``.</doc>
<arguments>
<arg>id=SubmitCreate</arg>
</arguments>
<msg timestamp="20210301 19:30:05.083" level="INFO">Clicking button 'id=SubmitCreate'.</msg>
<status status="PASS" starttime="20210301 19:30:05.083" endtime="20210301 19:30:05.159"></status>
</kw>
<status status="PASS" starttime="20210301 19:30:05.081" endtime="20210301 19:30:05.159"></status>
</kw>
<kw name="E preencha os dados do formulário de cadastro" library="CadastroUsuarioResource">
<kw name="Wait Until Element Is Visible" library="SeleniumLibrary">
<doc>Waits until the element ``locator`` is visible.</doc>
<arguments>
<arg>id=id_gender1</arg>
</arguments>
<status status="PASS" starttime="20210301 19:30:05.160" endtime="20210301 19:30:06.724"></status>
</kw>
<kw name="Click Element" library="SeleniumLibrary">
<doc>Click the element identified by ``locator``.</doc>
<arguments>
<arg>id=id_gender1</arg>
</arguments>
<msg timestamp="20210301 19:30:06.725" level="INFO">Clicking element 'id=id_gender1'.</msg>
<status status="PASS" starttime="20210301 19:30:06.725" endtime="20210301 19:30:06.803"></status>
</kw>
<kw name="Input Text" library="SeleniumLibrary">
<doc>Types the given ``text`` into the text field identified by ``locator``.</doc>
<arguments>
<arg>id=customer_firstname</arg>
<arg>${PESSOA.firstName}</arg>
</arguments>
<msg timestamp="20210301 19:30:06.804" level="INFO">Typing text 'Leonardo' into text field 'id=customer_firstname'.</msg>
<status status="PASS" starttime="20210301 19:30:06.804" endtime="20210301 19:30:06.985"></status>
</kw>
<kw name="Input Text" library="SeleniumLibrary">
<doc>Types the given ``text`` into the text field identified by ``locator``.</doc>
<arguments>
<arg>id=customer_lastname</arg>
<arg>${PESSOA.lastName}</arg>
</arguments>
<msg timestamp="20210301 19:30:06.987" level="INFO">Typing text 'Medeiros' into text field 'id=customer_lastname'.</msg>
<status status="PASS" starttime="20210301 19:30:06.986" endtime="20210301 19:30:07.298"></status>
</kw>
<kw name="Input Text" library="SeleniumLibrary">
<doc>Types the given ``text`` into the text field identified by ``locator``.</doc>
<arguments>
<arg>id=passwd</arg>
<arg>${PESSOA.password}</arg>
</arguments>
<msg timestamp="20210301 19:30:07.299" level="INFO">Typing text '123456teste' into text field 'id=passwd'.</msg>
<status status="PASS" starttime="20210301 19:30:07.298" endtime="20210301 19:30:07.511"></status>
</kw>
<kw name="Select From List By Value" library="SeleniumLibrary">
<doc>Selects options from selection list ``locator`` by ``values``.</doc>
<arguments>
<arg>id=days</arg>
<arg>5</arg>
</arguments>
<msg timestamp="20210301 19:30:07.512" level="INFO">Selecting options from selection list 'id=days' by value 5.</msg>
<status status="PASS" starttime="20210301 19:30:07.512" endtime="20210301 19:30:07.667"></status>
</kw>
<kw name="Select From List By Index" library="SeleniumLibrary">
<doc>Selects options from selection list ``locator`` by ``indexes``.</doc>
<arguments>
<arg>id=months</arg>
<arg>10</arg>
</arguments>
<msg timestamp="20210301 19:30:07.668" level="INFO">Selecting options from selection list 'id=months' by index 10.</msg>
<status status="PASS" starttime="20210301 19:30:07.667" endtime="20210301 19:30:07.908"></status>
</kw>
<kw name="Select From List By Index" library="SeleniumLibrary">
<doc>Selects options from selection list ``locator`` by ``indexes``.</doc>
<arguments>
<arg>id=years</arg>
<arg>22</arg>
</arguments>
<msg timestamp="20210301 19:30:07.909" level="INFO">Selecting options from selection list 'id=years' by index 22.</msg>
<status status="PASS" starttime="20210301 19:30:07.908" endtime="20210301 19:30:08.265"></status>
</kw>
<kw name="Scroll Element Into View" library="SeleniumLibrary">
<doc>Scrolls the element identified by ``locator`` into view.</doc>
<arguments>
<arg>id=id_state</arg>
</arguments>
<status status="PASS" starttime="20210301 19:30:08.265" endtime="20210301 19:30:08.576"></status>
</kw>
<kw name="Input Text" library="SeleniumLibrary">
<doc>Types the given ``text`` into the text field identified by ``locator``.</doc>
<arguments>
<arg>id=company</arg>
<arg>${PESSOA.company}</arg>
</arguments>
<msg timestamp="20210301 19:30:08.577" level="INFO">Typing text 'Mercado Eletronico' into text field 'id=company'.</msg>
<status status="PASS" starttime="20210301 19:30:08.577" endtime="20210301 19:30:08.775"></status>
</kw>
<kw name="Input Text" library="SeleniumLibrary">
<doc>Types the given ``text`` into the text field identified by ``locator``.</doc>
<arguments>
<arg>id=address1</arg>
<arg>${PESSOA.address}</arg>
</arguments>
<msg timestamp="20210301 19:30:08.776" level="INFO">Typing text 'teste endereço 123' into text field 'id=address1'.</msg>
<status status="PASS" starttime="20210301 19:30:08.775" endtime="20210301 19:30:08.976"></status>
</kw>
<kw name="Input Text" library="SeleniumLibrary">
<doc>Types the given ``text`` into the text field identified by ``locator``.</doc>
<arguments>
<arg>id=address2</arg>
<arg>${PESSOA.address}</arg>
</arguments>
<msg timestamp="20210301 19:30:08.977" level="INFO">Typing text 'teste endereço 123' into text field 'id=address2'.</msg>
<status status="PASS" starttime="20210301 19:30:08.976" endtime="20210301 19:30:09.172"></status>
</kw>
<kw name="Input Text" library="SeleniumLibrary">
<doc>Types the given ``text`` into the text field identified by ``locator``.</doc>
<arguments>
<arg>id=city</arg>
<arg>${PESSOA.city}</arg>
</arguments>
<msg timestamp="20210301 19:30:09.173" level="INFO">Typing text 'São Paulo' into text field 'id=city'.</msg>
<status status="PASS" starttime="20210301 19:30:09.172" endtime="20210301 19:30:09.358"></status>
</kw>
<kw name="Select From List By Index" library="SeleniumLibrary">
<doc>Selects options from selection list ``locator`` by ``indexes``.</doc>
<arguments>
<arg>id=id_state</arg>
<arg>10</arg>
</arguments>
<msg timestamp="20210301 19:30:09.359" level="INFO">Selecting options from selection list 'id=id_state' by index 10.</msg>
<status status="PASS" starttime="20210301 19:30:09.358" endtime="20210301 19:30:09.474"></status>
</kw>
<kw name="Input Text" library="SeleniumLibrary">
<doc>Types the given ``text`` into the text field identified by ``locator``.</doc>
<arguments>
<arg>id=postcode</arg>
<arg>${PESSOA.zipPostal}</arg>
</arguments>
<msg timestamp="20210301 19:30:09.474" level="INFO">Typing text '12345' into text field 'id=postcode'.</msg>
<status status="PASS" starttime="20210301 19:30:09.474" endtime="20210301 19:30:09.565"></status>
</kw>
<kw name="Input Text" library="SeleniumLibrary">
<doc>Types the given ``text`` into the text field identified by ``locator``.</doc>
<arguments>
<arg>id=other</arg>
<arg>${PESSOA.addInfo}</arg>
</arguments>
<msg timestamp="20210301 19:30:09.566" level="INFO">Typing text 'teste mercado eletronico' into text field 'id=other'.</msg>
<status status="PASS" starttime="20210301 19:30:09.566" endtime="20210301 19:30:09.669"></status>
</kw>
<kw name="Input Text" library="SeleniumLibrary">
<doc>Types the given ``text`` into the text field identified by ``locator``.</doc>
<arguments>
<arg>id=phone</arg>
<arg>${TELEFONE[0]}</arg>
</arguments>
<msg timestamp="20210301 19:30:09.670" level="INFO">Typing text '33517788' into text field 'id=phone'.</msg>
<status status="PASS" starttime="20210301 19:30:09.669" endtime="20210301 19:30:09.761"></status>
</kw>
<kw name="Input Text" library="SeleniumLibrary">
<doc>Types the given ``text`` into the text field identified by ``locator``.</doc>
<arguments>
<arg>id=phone_mobile</arg>
<arg>${TELEFONE[1]}</arg>
</arguments>
<msg timestamp="20210301 19:30:09.761" level="INFO">Typing text '99914725' into text field 'id=phone_mobile'.</msg>
<status status="PASS" starttime="20210301 19:30:09.761" endtime="20210301 19:30:09.842"></status>
</kw>
<status status="PASS" starttime="20210301 19:30:05.160" endtime="20210301 19:30:09.842"></status>
</kw>
<kw name="Quando clicar em Register" library="CadastroUsuarioResource">
<kw name="Click Element" library="SeleniumLibrary">
<doc>Click the element identified by ``locator``.</doc>
<arguments>
<arg>id=submitAccount</arg>
</arguments>
<msg timestamp="20210301 19:30:09.843" level="INFO">Clicking element 'id=submitAccount'.</msg>
<status status="PASS" starttime="20210301 19:30:09.843" endtime="20210301 19:30:11.534"></status>
</kw>
<status status="PASS" starttime="20210301 19:30:09.843" endtime="20210301 19:30:11.534"></status>
</kw>
<kw name="Então o usuário será criado" library="CadastroUsuarioResource">
<kw name="Element Text Should Be" library="SeleniumLibrary">
<doc>Verifies that element ``locator`` contains exact the text ``expected``.</doc>
<arguments>
<arg>xpath=//div[@class='header_user_info']//a//span</arg>
<arg>Leonardo Medeiros</arg>
</arguments>
<msg timestamp="20210301 19:30:11.535" level="INFO">Verifying element 'xpath=//div[@class='header_user_info']//a//span' contains exact text 'Leonardo Medeiros'.</msg>
<status status="PASS" starttime="20210301 19:30:11.535" endtime="20210301 19:30:11.567"></status>
</kw>
<status status="PASS" starttime="20210301 19:30:11.534" endtime="20210301 19:30:11.568"></status>
</kw>
<status status="PASS" starttime="20210301 19:29:52.268" endtime="20210301 19:30:11.568" critical="yes"></status>
</test>
<status status="PASS" starttime="20210301 19:29:51.844" endtime="20210301 19:30:11.572"></status>
</suite>
<statistics>
<total>
<stat pass="1" fail="0">Critical Tests</stat>
<stat pass="1" fail="0">All Tests</stat>
</total>
<tag>
</tag>
<suite>
<stat pass="1" fail="0" id="s1" name="CadastroUsuario">CadastroUsuario</stat>
</suite>
</statistics>
<errors>
</errors>
</robot>
